# JRE version: OpenJDK Runtime Environment Temurin-21.0.8+9 (21.0.8+9) (build 21.0.8+9-LTS)
# Java VM: OpenJDK 64-Bit Server VM Temurin-21.0.8+9 (21.0.8+9-LTS, mixed mode, sharing, tiered, compressed oops, compressed class ptrs, parallel gc, windows-amd64)
GC Precious Log:
 CardTable entry size: 512
 CPUs: 12 total, 12 available
 Memory: 7832M
 Large Page Support: Disabled
 NUMA Support: Disabled
 Compressed Oops: Enabled (32-bit)
 Alignments: Space 512K, Generation 512K, Heap 2M
 Heap Min Capacity: 100M
 Heap Initial Capacity: 100M
 Heap Max Capacity: 2G
 Pre-touch: Disabled
 Parallel Workers: 10
Heap:
 PSYoungGen      total 4608K, used 2981K [0x00000000d5580000, 0x00000000d5c00000, 0x0000000100000000)
  eden space 4096K, 64% used [0x00000000d5580000,0x00000000d5819600,0x00000000d5980000)
  from space 512K, 62% used [0x00000000d5b80000,0x00000000d5bd0000,0x00000000d5c00000)
  to   space 1024K, 0% used [0x00000000d5a00000,0x00000000d5a00000,0x00000000d5b00000)
 ParOldGen       total 521728K, used 521687K [0x0000000080000000, 0x000000009fd80000, 0x00000000d5580000)
  object space 521728K, 99% used [0x0000000080000000,0x000000009fd75db8,0x000000009fd80000)
 Metaspace       used 68407K, committed 69760K, reserved 1114112K
  class space    used 7289K, committed 7872K, reserved 1048576K
GC Heap History (20 events):
Event: 88.778 GC heap before
{Heap before GC invocations=370 (full 3):
 PSYoungGen      total 5632K, used 5632K [0x00000000d5580000, 0x00000000d7000000, 0x0000000100000000)
  eden space 1024K, 100% used [0x00000000d5580000,0x00000000d5680000,0x00000000d5680000)
  from space 4608K, 100% used [0x00000000d6000000,0x00000000d6480000,0x00000000d6480000)
  to   space 9728K, 0% used [0x00000000d5680000,0x00000000d5680000,0x00000000d6000000)
 ParOldGen       total 508928K, used 508853K [0x0000000080000000, 0x000000009f100000, 0x00000000d5580000)
  object space 508928K, 99% used [0x0000000080000000,0x000000009f0ed720,0x000000009f100000)
 Metaspace       used 67001K, committed 68352K, reserved 1114112K
  class space    used 7151K, committed 7744K, reserved 1048576K
}
Event: 88.799 GC heap after
{Heap after GC invocations=370 (full 3):
 PSYoungGen      total 2048K, used 864K [0x00000000d5580000, 0x00000000d6080000, 0x0000000100000000)
  eden space 1024K, 0% used [0x00000000d5580000,0x00000000d5580000,0x00000000d5680000)
  from space 1024K, 84% used [0x00000000d5680000,0x00000000d5758000,0x00000000d5780000)
  to   space 4096K, 0% used [0x00000000d5c80000,0x00000000d5c80000,0x00000000d6080000)
 ParOldGen       total 513536K, used 513445K [0x0000000080000000, 0x000000009f580000, 0x00000000d5580000)
  object space 513536K, 99% used [0x0000000080000000,0x000000009f569720,0x000000009f580000)
 Metaspace       used 67001K, committed 68352K, reserved 1114112K
  class space    used 7151K, committed 7744K, reserved 1048576K
}
Event: 88.806 GC heap before
{Heap before GC invocations=371 (full 3):
 PSYoungGen      total 2048K, used 1888K [0x00000000d5580000, 0x00000000d6080000, 0x0000000100000000)
  eden space 1024K, 100% used [0x00000000d5580000,0x00000000d5680000,0x00000000d5680000)
  from space 1024K, 84% used [0x00000000d5680000,0x00000000d5758000,0x00000000d5780000)
  to   space 4096K, 0% used [0x00000000d5c80000,0x00000000d5c80000,0x00000000d6080000)
 ParOldGen       total 513536K, used 513445K [0x0000000080000000, 0x000000009f580000, 0x00000000d5580000)
  object space 513536K, 99% used [0x0000000080000000,0x000000009f569720,0x000000009f580000)
 Metaspace       used 67001K, committed 68352K, reserved 1114112K
  class space    used 7151K, committed 7744K, reserved 1048576K
}
Event: 88.830 GC heap after
{Heap after GC invocations=371 (full 3):
 PSYoungGen      total 2560K, used 864K [0x00000000d5580000, 0x00000000d5d80000, 0x0000000100000000)
  eden space 1536K, 0% used [0x00000000d5580000,0x00000000d5580000,0x00000000d5700000)
  from space 1024K, 84% used [0x00000000d5c80000,0x00000000d5d58000,0x00000000d5d80000)
  to   space 1536K, 0% used [0x00000000d5a80000,0x00000000d5a80000,0x00000000d5c00000)
 ParOldGen       total 514560K, used 514205K [0x0000000080000000, 0x000000009f680000, 0x00000000d5580000)
  object space 514560K, 99% used [0x0000000080000000,0x000000009f627720,0x000000009f680000)
 Metaspace       used 67001K, committed 68352K, reserved 1114112K
  class space    used 7151K, committed 7744K, reserved 1048576K
}
Event: 88.837 GC heap before
{Heap before GC invocations=372 (full 3):
 PSYoungGen      total 2560K, used 2400K [0x00000000d5580000, 0x00000000d5d80000, 0x0000000100000000)
  eden space 1536K, 100% used [0x00000000d5580000,0x00000000d5700000,0x00000000d5700000)
  from space 1024K, 84% used [0x00000000d5c80000,0x00000000d5d58000,0x00000000d5d80000)
  to   space 1536K, 0% used [0x00000000d5a80000,0x00000000d5a80000,0x00000000d5c00000)
 ParOldGen       total 514560K, used 514205K [0x0000000080000000, 0x000000009f680000, 0x00000000d5580000)
  object space 514560K, 99% used [0x0000000080000000,0x000000009f627720,0x000000009f680000)
 Metaspace       used 67001K, committed 68352K, reserved 1114112K
  class space    used 7151K, committed 7744K, reserved 1048576K
}
Event: 88.845 GC heap after
{Heap after GC invocations=372 (full 3):
 PSYoungGen      total 3584K, used 1248K [0x00000000d5580000, 0x00000000d5d00000, 0x0000000100000000)
  eden space 2048K, 0% used [0x00000000d5580000,0x00000000d5580000,0x00000000d5780000)
  from space 1536K, 81% used [0x00000000d5a80000,0x00000000d5bb8000,0x00000000d5c00000)
  to   space 1024K, 0% used [0x00000000d5c00000,0x00000000d5c00000,0x00000000d5d00000)
 ParOldGen       total 515072K, used 514957K [0x0000000080000000, 0x000000009f700000, 0x00000000d5580000)
  object space 515072K, 99% used [0x0000000080000000,0x000000009f6e3720,0x000000009f700000)
 Metaspace       used 67001K, committed 68352K, reserved 1114112K
  class space    used 7151K, committed 7744K, reserved 1048576K
}
Event: 88.861 GC heap before
{Heap before GC invocations=373 (full 3):
 PSYoungGen      total 3584K, used 3296K [0x00000000d5580000, 0x00000000d5d00000, 0x0000000100000000)
  eden space 2048K, 100% used [0x00000000d5580000,0x00000000d5780000,0x00000000d5780000)
  from space 1536K, 81% used [0x00000000d5a80000,0x00000000d5bb8000,0x00000000d5c00000)
  to   space 1024K, 0% used [0x00000000d5c00000,0x00000000d5c00000,0x00000000d5d00000)
 ParOldGen       total 515072K, used 514957K [0x0000000080000000, 0x000000009f700000, 0x00000000d5580000)
  object space 515072K, 99% used [0x0000000080000000,0x000000009f6e3720,0x000000009f700000)
 Metaspace       used 67001K, committed 68352K, reserved 1114112K
  class space    used 7151K, committed 7744K, reserved 1048576K
}
Event: 88.875 GC heap after
{Heap after GC invocations=373 (full 3):
 PSYoungGen      total 3584K, used 1024K [0x00000000d5580000, 0x00000000d5e00000, 0x0000000100000000)
  eden space 2560K, 0% used [0x00000000d5580000,0x00000000d5580000,0x00000000d5800000)
  from space 1024K, 100% used [0x00000000d5c00000,0x00000000d5d00000,0x00000000d5d00000)
  to   space 3072K, 0% used [0x00000000d5800000,0x00000000d5800000,0x00000000d5b00000)
 ParOldGen       total 516608K, used 516469K [0x0000000080000000, 0x000000009f880000, 0x00000000d5580000)
  object space 516608K, 99% used [0x0000000080000000,0x000000009f85d720,0x000000009f880000)
 Metaspace       used 67001K, committed 68352K, reserved 1114112K
  class space    used 7151K, committed 7744K, reserved 1048576K
}
Event: 88.890 GC heap before
{Heap before GC invocations=374 (full 3):
 PSYoungGen      total 3584K, used 3584K [0x00000000d5580000, 0x00000000d5e00000, 0x0000000100000000)
  eden space 2560K, 100% used [0x00000000d5580000,0x00000000d5800000,0x00000000d5800000)
  from space 1024K, 100% used [0x00000000d5c00000,0x00000000d5d00000,0x00000000d5d00000)
  to   space 3072K, 0% used [0x00000000d5800000,0x00000000d5800000,0x00000000d5b00000)
 ParOldGen       total 516608K, used 516469K [0x0000000080000000, 0x000000009f880000, 0x00000000d5580000)
  object space 516608K, 99% used [0x0000000080000000,0x000000009f85d720,0x000000009f880000)
 Metaspace       used 67023K, committed 68416K, reserved 1114112K
  class space    used 7152K, committed 7744K, reserved 1048576K
}
Event: 88.901 GC heap after
{Heap after GC invocations=374 (full 3):
 PSYoungGen      total 5632K, used 1984K [0x00000000d5580000, 0x00000000d5d80000, 0x0000000100000000)
  eden space 2560K, 0% used [0x00000000d5580000,0x00000000d5580000,0x00000000d5800000)
  from space 3072K, 64% used [0x00000000d5800000,0x00000000d59f0380,0x00000000d5b00000)
  to   space 2560K, 0% used [0x00000000d5b00000,0x00000000d5b00000,0x00000000d5d80000)
 ParOldGen       total 517632K, used 517501K [0x0000000080000000, 0x000000009f980000, 0x00000000d5580000)
  object space 517632K, 99% used [0x0000000080000000,0x000000009f95f720,0x000000009f980000)
 Metaspace       used 67023K, committed 68416K, reserved 1114112K
  class space    used 7152K, committed 7744K, reserved 1048576K
}
Event: 88.983 GC heap before
{Heap before GC invocations=375 (full 3):
 PSYoungGen      total 5632K, used 4544K [0x00000000d5580000, 0x00000000d5d80000, 0x0000000100000000)
  eden space 2560K, 99% used [0x00000000d5580000,0x00000000d57fffa8,0x00000000d5800000)
  from space 3072K, 64% used [0x00000000d5800000,0x00000000d59f0380,0x00000000d5b00000)
  to   space 2560K, 0% used [0x00000000d5b00000,0x00000000d5b00000,0x00000000d5d80000)
 ParOldGen       total 517632K, used 517501K [0x0000000080000000, 0x000000009f980000, 0x00000000d5580000)
  object space 517632K, 99% used [0x0000000080000000,0x000000009f95f720,0x000000009f980000)
 Metaspace       used 67111K, committed 68480K, reserved 1114112K
  class space    used 7158K, committed 7744K, reserved 1048576K
}
Event: 88.996 GC heap after
{Heap after GC invocations=375 (full 3):
 PSYoungGen      total 5120K, used 1824K [0x00000000d5580000, 0x00000000d5d00000, 0x0000000100000000)
  eden space 3072K, 0% used [0x00000000d5580000,0x00000000d5580000,0x00000000d5880000)
  from space 2048K, 89% used [0x00000000d5b00000,0x00000000d5cc8000,0x00000000d5d00000)
  to   space 2048K, 0% used [0x00000000d5900000,0x00000000d5900000,0x00000000d5b00000)
 ParOldGen       total 519680K, used 519341K [0x0000000080000000, 0x000000009fb80000, 0x00000000d5580000)
  object space 519680K, 99% used [0x0000000080000000,0x000000009fb2b720,0x000000009fb80000)
 Metaspace       used 67111K, committed 68480K, reserved 1114112K
  class space    used 7158K, committed 7744K, reserved 1048576K
}
Event: 89.356 GC heap before
{Heap before GC invocations=376 (full 3):
 PSYoungGen      total 5120K, used 4886K [0x00000000d5580000, 0x00000000d5d00000, 0x0000000100000000)
  eden space 3072K, 99% used [0x00000000d5580000,0x00000000d587d9e0,0x00000000d5880000)
  from space 2048K, 89% used [0x00000000d5b00000,0x00000000d5cc8000,0x00000000d5d00000)
  to   space 2048K, 0% used [0x00000000d5900000,0x00000000d5900000,0x00000000d5b00000)
 ParOldGen       total 519680K, used 519341K [0x0000000080000000, 0x000000009fb80000, 0x00000000d5580000)
  object space 519680K, 99% used [0x0000000080000000,0x000000009fb2b720,0x000000009fb80000)
 Metaspace       used 67307K, committed 68736K, reserved 1114112K
  class space    used 7174K, committed 7808K, reserved 1048576K
}
Event: 89.366 GC heap after
{Heap after GC invocations=376 (full 3):
 PSYoungGen      total 4096K, used 320K [0x00000000d5580000, 0x00000000d5b80000, 0x0000000100000000)
  eden space 3584K, 0% used [0x00000000d5580000,0x00000000d5580000,0x00000000d5900000)
  from space 512K, 62% used [0x00000000d5900000,0x00000000d5950020,0x00000000d5980000)
  to   space 1024K, 0% used [0x00000000d5a80000,0x00000000d5a80000,0x00000000d5b80000)
 ParOldGen       total 521216K, used 520965K [0x0000000080000000, 0x000000009fd00000, 0x00000000d5580000)
  object space 521216K, 99% used [0x0000000080000000,0x000000009fcc1720,0x000000009fd00000)
 Metaspace       used 67307K, committed 68736K, reserved 1114112K
  class space    used 7174K, committed 7808K, reserved 1048576K
}
Event: 89.927 GC heap before
{Heap before GC invocations=377 (full 3):
 PSYoungGen      total 4096K, used 3904K [0x00000000d5580000, 0x00000000d5b80000, 0x0000000100000000)
  eden space 3584K, 100% used [0x00000000d5580000,0x00000000d5900000,0x00000000d5900000)
  from space 512K, 62% used [0x00000000d5900000,0x00000000d5950020,0x00000000d5980000)
  to   space 1024K, 0% used [0x00000000d5a80000,0x00000000d5a80000,0x00000000d5b80000)
 ParOldGen       total 521216K, used 520965K [0x0000000080000000, 0x000000009fd00000, 0x00000000d5580000)
  object space 521216K, 99% used [0x0000000080000000,0x000000009fcc1720,0x000000009fd00000)
 Metaspace       used 67760K, committed 69120K, reserved 1114112K
  class space    used 7210K, committed 7808K, reserved 1048576K
}
Event: 89.933 GC heap after
{Heap after GC invocations=377 (full 3):
 PSYoungGen      total 5120K, used 480K [0x00000000d5580000, 0x00000000d5c00000, 0x0000000100000000)
  eden space 4096K, 0% used [0x00000000d5580000,0x00000000d5580000,0x00000000d5980000)
  from space 1024K, 46% used [0x00000000d5a80000,0x00000000d5af8000,0x00000000d5b80000)
  to   space 1024K, 0% used [0x00000000d5980000,0x00000000d5980000,0x00000000d5a80000)
 ParOldGen       total 521216K, used 521101K [0x0000000080000000, 0x000000009fd00000, 0x00000000d5580000)
  object space 521216K, 99% used [0x0000000080000000,0x000000009fce3740,0x000000009fd00000)
 Metaspace       used 67760K, committed 69120K, reserved 1114112K
  class space    used 7210K, committed 7808K, reserved 1048576K
}
Event: 90.079 GC heap before
{Heap before GC invocations=378 (full 3):
 PSYoungGen      total 5120K, used 4576K [0x00000000d5580000, 0x00000000d5c00000, 0x0000000100000000)
  eden space 4096K, 100% used [0x00000000d5580000,0x00000000d5980000,0x00000000d5980000)
  from space 1024K, 46% used [0x00000000d5a80000,0x00000000d5af8000,0x00000000d5b80000)
  to   space 1024K, 0% used [0x00000000d5980000,0x00000000d5980000,0x00000000d5a80000)
 ParOldGen       total 521216K, used 521101K [0x0000000080000000, 0x000000009fd00000, 0x00000000d5580000)
  object space 521216K, 99% used [0x0000000080000000,0x000000009fce3740,0x000000009fd00000)
 Metaspace       used 67955K, committed 69376K, reserved 1114112K
  class space    used 7246K, committed 7872K, reserved 1048576K
}
Event: 90.085 GC heap after
{Heap after GC invocations=378 (full 3):
 PSYoungGen      total 5120K, used 1008K [0x00000000d5580000, 0x00000000d5d80000, 0x0000000100000000)
  eden space 4096K, 0% used [0x00000000d5580000,0x00000000d5580000,0x00000000d5980000)
  from space 1024K, 98% used [0x00000000d5980000,0x00000000d5a7c040,0x00000000d5a80000)
  to   space 2048K, 0% used [0x00000000d5b80000,0x00000000d5b80000,0x00000000d5d80000)
 ParOldGen       total 521728K, used 521519K [0x0000000080000000, 0x000000009fd80000, 0x00000000d5580000)
  object space 521728K, 99% used [0x0000000080000000,0x000000009fd4bdb8,0x000000009fd80000)
 Metaspace       used 67955K, committed 69376K, reserved 1114112K
  class space    used 7246K, committed 7872K, reserved 1048576K
}
Event: 90.135 GC heap before
{Heap before GC invocations=379 (full 3):
 PSYoungGen      total 5120K, used 5061K [0x00000000d5580000, 0x00000000d5d80000, 0x0000000100000000)
  eden space 4096K, 98% used [0x00000000d5580000,0x00000000d5975740,0x00000000d5980000)
  from space 1024K, 98% used [0x00000000d5980000,0x00000000d5a7c040,0x00000000d5a80000)
  to   space 2048K, 0% used [0x00000000d5b80000,0x00000000d5b80000,0x00000000d5d80000)
 ParOldGen       total 521728K, used 521519K [0x0000000080000000, 0x000000009fd80000, 0x00000000d5580000)
  object space 521728K, 99% used [0x0000000080000000,0x000000009fd4bdb8,0x000000009fd80000)
 Metaspace       used 68104K, committed 69504K, reserved 1114112K
  class space    used 7251K, committed 7872K, reserved 1048576K
}
Event: 90.141 GC heap after
{Heap after GC invocations=379 (full 3):
 PSYoungGen      total 4608K, used 320K [0x00000000d5580000, 0x00000000d5c00000, 0x0000000100000000)
  eden space 4096K, 0% used [0x00000000d5580000,0x00000000d5580000,0x00000000d5980000)
  from space 512K, 62% used [0x00000000d5b80000,0x00000000d5bd0000,0x00000000d5c00000)
  to   space 1024K, 0% used [0x00000000d5a00000,0x00000000d5a00000,0x00000000d5b00000)
 ParOldGen       total 521728K, used 521687K [0x0000000080000000, 0x000000009fd80000, 0x00000000d5580000)
  object space 521728K, 99% used [0x0000000080000000,0x000000009fd75db8,0x000000009fd80000)
 Metaspace       used 68104K, committed 69504K, reserved 1114112K
  class space    used 7251K, committed 7872K, reserved 1048576K
}

